<?xml version="1.0" encoding="UTF-8"?>
<coverage generated="1575287180506" clover="3.2.0">
  <project timestamp="1575287180506" name="All files">
    <metrics statements="34" coveredstatements="27" conditionals="12" coveredconditionals="6" methods="15" coveredmethods="8" elements="61" coveredelements="41" complexity="0" loc="34" ncloc="34" packages="2" files="2" classes="2"/>
    <package name="app-root">
      <metrics statements="18" coveredstatements="14" conditionals="4" coveredconditionals="0" methods="10" coveredmethods="6"/>
      <file name="app-root.tsx" path="C:\Users\Thanuj\project\stencilJS\formvalidation\src\components\app-root\app-root.tsx">
        <metrics statements="18" coveredstatements="14" conditionals="4" coveredconditionals="0" methods="10" coveredmethods="6"/>
        <line num="1" count="1" type="stmt"/>
        <line num="3" count="1" type="stmt"/>
        <line num="10" count="1" type="stmt"/>
        <line num="12" count="1" type="stmt"/>
        <line num="14" count="1" type="stmt"/>
        <line num="18" count="1" type="stmt"/>
        <line num="19" count="1" type="stmt"/>
        <line num="26" count="1" type="stmt"/>
        <line num="27" count="1" type="stmt"/>
        <line num="38" count="1" type="stmt"/>
        <line num="39" count="1" type="stmt"/>
        <line num="43" count="2" type="stmt"/>
        <line num="54" count="1" type="stmt"/>
        <line num="55" count="1" type="stmt"/>
        <line num="59" count="0" type="stmt"/>
        <line num="67" count="0" type="stmt"/>
        <line num="74" count="0" type="stmt"/>
        <line num="87" count="0" type="stmt"/>
      </file>
    </package>
    <package name="money-component">
      <metrics statements="16" coveredstatements="13" conditionals="8" coveredconditionals="6" methods="5" coveredmethods="2"/>
      <file name="money-component.tsx" path="C:\Users\Thanuj\project\stencilJS\formvalidation\src\components\money-component\money-component.tsx">
        <metrics statements="16" coveredstatements="13" conditionals="8" coveredconditionals="6" methods="5" coveredmethods="2"/>
        <line num="1" count="1" type="stmt"/>
        <line num="3" count="1" type="stmt"/>
        <line num="10" count="1" type="stmt"/>
        <line num="12" count="1" type="stmt"/>
        <line num="16" count="1" type="stmt"/>
        <line num="18" count="1" type="stmt"/>
        <line num="20" count="1" type="stmt"/>
        <line num="23" count="8" type="stmt"/>
        <line num="24" count="8" type="cond" truecount="4" falsecount="0"/>
        <line num="25" count="8" type="stmt"/>
        <line num="26" count="8" type="stmt"/>
        <line num="27" count="8" type="cond" truecount="2" falsecount="0"/>
        <line num="28" count="5" type="stmt"/>
        <line num="33" count="0" type="stmt"/>
        <line num="41" count="0" type="stmt"/>
        <line num="48" count="0" type="stmt"/>
      </file>
    </package>
  </project>
</coverage>
