{"C:\\Users\\Thanuj\\project\\stencilJS\\formvalidation\\src\\components\\app-root\\app-root.tsx": {"path":"C:\\Users\\Thanuj\\project\\stencilJS\\formvalidation\\src\\components\\app-root\\app-root.tsx","statementMap":{"0":{"start":{"line":1,"column":0},"end":{"line":1,"column":52}},"1":{"start":{"line":10,"column":11},"end":{"line":10,"column":29}},"2":{"start":{"line":12,"column":11},"end":{"line":12,"column":31}},"3":{"start":{"line":14,"column":11},"end":{"line":35,"column":4}},"4":{"start":{"line":18,"column":29},"end":{"line":18,"column":52}},"5":{"start":{"line":19,"column":8},"end":{"line":19,"column":42}},"6":{"start":{"line":26,"column":29},"end":{"line":26,"column":173}},"7":{"start":{"line":27,"column":8},"end":{"line":27,"column":42}},"8":{"start":{"line":38,"column":4},"end":{"line":38,"column":49}},"9":{"start":{"line":39,"column":4},"end":{"line":39,"column":53}},"10":{"start":{"line":43,"column":4},"end":{"line":50,"column":8}},"11":{"start":{"line":54,"column":4},"end":{"line":54,"column":23}},"12":{"start":{"line":55,"column":4},"end":{"line":55,"column":26}},"13":{"start":{"line":59,"column":4},"end":{"line":103,"column":6}},"14":{"start":{"line":67,"column":29},"end":{"line":67,"column":49}},"15":{"start":{"line":74,"column":16},"end":{"line":74,"column":64}},"16":{"start":{"line":87,"column":16},"end":{"line":87,"column":69}},"17":{"start":{"line":3,"column":0},"end":{"line":3,"column":null}}},"fnMap":{"0":{"name":"(anonymous_0)","decl":{"start":{"line":3,"column":0},"end":{"line":3,"column":null}},"loc":{"start":{"line":3,"column":0},"end":{"line":105,"column":null}}},"1":{"name":"(anonymous_1)","decl":{"start":{"line":17,"column":16},"end":{"line":17,"column":21}},"loc":{"start":{"line":17,"column":24},"end":{"line":20,"column":7}}},"2":{"name":"(anonymous_2)","decl":{"start":{"line":25,"column":16},"end":{"line":25,"column":21}},"loc":{"start":{"line":25,"column":24},"end":{"line":28,"column":7}}},"3":{"name":"(anonymous_3)","decl":{"start":{"line":37,"column":2},"end":{"line":37,"column":17}},"loc":{"start":{"line":37,"column":45},"end":{"line":40,"column":3}}},"4":{"name":"(anonymous_4)","decl":{"start":{"line":42,"column":2},"end":{"line":42,"column":17}},"loc":{"start":{"line":42,"column":36},"end":{"line":51,"column":3}}},"5":{"name":"(anonymous_5)","decl":{"start":{"line":53,"column":2},"end":{"line":53,"column":14}},"loc":{"start":{"line":53,"column":16},"end":{"line":56,"column":3}}},"6":{"name":"(anonymous_6)","decl":{"start":{"line":58,"column":2},"end":{"line":58,"column":8}},"loc":{"start":{"line":58,"column":8},"end":{"line":104,"column":3}}},"7":{"name":"(anonymous_7)","decl":{"start":{"line":67,"column":24},"end":{"line":67,"column":25}},"loc":{"start":{"line":67,"column":29},"end":{"line":67,"column":49}}},"8":{"name":"(anonymous_8)","decl":{"start":{"line":73,"column":23},"end":{"line":73,"column":24}},"loc":{"start":{"line":74,"column":16},"end":{"line":74,"column":64}}},"9":{"name":"(anonymous_9)","decl":{"start":{"line":86,"column":23},"end":{"line":86,"column":24}},"loc":{"start":{"line":87,"column":16},"end":{"line":87,"column":69}}}},"branchMap":{"0":{"loc":{"start":{"line":79,"column":25},"end":{"line":79,"column":58}},"type":"binary-expr","locations":[{"start":{"line":79,"column":25},"end":{"line":79,"column":58}},{"start":{"line":80,"column":16},"end":{"line":80,"column":40}}]},"1":{"loc":{"start":{"line":92,"column":25},"end":{"line":92,"column":63}},"type":"binary-expr","locations":[{"start":{"line":92,"column":25},"end":{"line":92,"column":63}},{"start":{"line":93,"column":16},"end":{"line":93,"column":40}}]}},"s":{"0":1,"1":1,"2":1,"3":1,"4":1,"5":1,"6":1,"7":1,"8":1,"9":1,"10":2,"11":1,"12":1,"13":0,"14":0,"15":0,"16":0,"17":1},"f":{"0":1,"1":1,"2":1,"3":1,"4":2,"5":1,"6":0,"7":0,"8":0,"9":0},"b":{"0":[0,0],"1":[0,0]}}
,"C:\\Users\\Thanuj\\project\\stencilJS\\formvalidation\\src\\components\\money-component\\money-component.tsx": {"path":"C:\\Users\\Thanuj\\project\\stencilJS\\formvalidation\\src\\components\\money-component\\money-component.tsx","statementMap":{"0":{"start":{"line":1,"column":0},"end":{"line":1,"column":58}},"1":{"start":{"line":10,"column":25},"end":{"line":10,"column":38}},"2":{"start":{"line":12,"column":25},"end":{"line":12,"column":43}},"3":{"start":{"line":16,"column":11},"end":{"line":16,"column":null}},"4":{"start":{"line":18,"column":11},"end":{"line":18,"column":23}},"5":{"start":{"line":20,"column":11},"end":{"line":20,"column":23}},"6":{"start":{"line":23,"column":4},"end":{"line":23,"column":30}},"7":{"start":{"line":24,"column":4},"end":{"line":24,"column":84}},"8":{"start":{"line":25,"column":22},"end":{"line":25,"column":67}},"9":{"start":{"line":26,"column":4},"end":{"line":26,"column":43}},"10":{"start":{"line":27,"column":4},"end":{"line":29,"column":null}},"11":{"start":{"line":28,"column":6},"end":{"line":28,"column":56}},"12":{"start":{"line":33,"column":4},"end":{"line":57,"column":6}},"13":{"start":{"line":41,"column":14},"end":{"line":41,"column":55}},"14":{"start":{"line":48,"column":14},"end":{"line":48,"column":55}},"15":{"start":{"line":3,"column":0},"end":{"line":3,"column":null}}},"fnMap":{"0":{"name":"(anonymous_0)","decl":{"start":{"line":3,"column":0},"end":{"line":3,"column":null}},"loc":{"start":{"line":3,"column":0},"end":{"line":59,"column":null}}},"1":{"name":"(anonymous_1)","decl":{"start":{"line":22,"column":2},"end":{"line":22,"column":13}},"loc":{"start":{"line":22,"column":32},"end":{"line":30,"column":3}}},"2":{"name":"(anonymous_2)","decl":{"start":{"line":32,"column":2},"end":{"line":32,"column":8}},"loc":{"start":{"line":32,"column":8},"end":{"line":58,"column":3}}},"3":{"name":"(anonymous_3)","decl":{"start":{"line":40,"column":21},"end":{"line":40,"column":22}},"loc":{"start":{"line":41,"column":14},"end":{"line":41,"column":55}}},"4":{"name":"(anonymous_4)","decl":{"start":{"line":47,"column":21},"end":{"line":47,"column":22}},"loc":{"start":{"line":48,"column":14},"end":{"line":48,"column":55}}}},"branchMap":{"0":{"loc":{"start":{"line":24,"column":30},"end":{"line":24,"column":39}},"type":"cond-expr","locations":[{"start":{"line":24,"column":30},"end":{"line":24,"column":39}},{"start":{"line":24,"column":42},"end":{"line":24,"column":43}}]},"1":{"loc":{"start":{"line":24,"column":66},"end":{"line":24,"column":75}},"type":"cond-expr","locations":[{"start":{"line":24,"column":66},"end":{"line":24,"column":75}},{"start":{"line":24,"column":78},"end":{"line":24,"column":82}}]},"2":{"loc":{"start":{"line":27,"column":4},"end":{"line":29,"column":null}},"type":"if","locations":[{"start":{"line":27,"column":4},"end":{"line":29,"column":null}},{"start":{"line":27,"column":4},"end":{"line":29,"column":null}}]},"3":{"loc":{"start":{"line":54,"column":19},"end":{"line":54,"column":31}},"type":"binary-expr","locations":[{"start":{"line":54,"column":19},"end":{"line":54,"column":31}},{"start":{"line":55,"column":10},"end":{"line":55,"column":34}}]}},"s":{"0":1,"1":1,"2":1,"3":1,"4":1,"5":1,"6":8,"7":8,"8":8,"9":8,"10":8,"11":5,"12":0,"13":0,"14":0,"15":1},"f":{"0":1,"1":8,"2":0,"3":0,"4":0},"b":{"0":[6,2],"1":[3,5],"2":[5,3],"3":[0,0]}}
}
