TN:
SF:C:\Users\Thanuj\project\stencilJS\formvalidation\src\components\app-root\app-root.tsx
FN:3,(anonymous_0)
FN:17,(anonymous_1)
FN:25,(anonymous_2)
FN:37,(anonymous_3)
FN:42,(anonymous_4)
FN:53,(anonymous_5)
FN:58,(anonymous_6)
FN:67,(anonymous_7)
FN:73,(anonymous_8)
FN:86,(anonymous_9)
FNF:10
FNH:6
FNDA:1,(anonymous_0)
FNDA:1,(anonymous_1)
FNDA:1,(anonymous_2)
FNDA:1,(anonymous_3)
FNDA:2,(anonymous_4)
FNDA:1,(anonymous_5)
FNDA:0,(anonymous_6)
FNDA:0,(anonymous_7)
FNDA:0,(anonymous_8)
FNDA:0,(anonymous_9)
DA:1,1
DA:3,1
DA:10,1
DA:12,1
DA:14,1
DA:18,1
DA:19,1
DA:26,1
DA:27,1
DA:38,1
DA:39,1
DA:43,2
DA:54,1
DA:55,1
DA:59,0
DA:67,0
DA:74,0
DA:87,0
LF:18
LH:14
BRDA:79,0,0,0
BRDA:79,0,1,0
BRDA:92,1,0,0
BRDA:92,1,1,0
BRF:4
BRH:0
end_of_record
TN:
SF:C:\Users\Thanuj\project\stencilJS\formvalidation\src\components\money-component\money-component.tsx
FN:3,(anonymous_0)
FN:22,(anonymous_1)
FN:32,(anonymous_2)
FN:40,(anonymous_3)
FN:47,(anonymous_4)
FNF:5
FNH:2
FNDA:1,(anonymous_0)
FNDA:8,(anonymous_1)
FNDA:0,(anonymous_2)
FNDA:0,(anonymous_3)
FNDA:0,(anonymous_4)
DA:1,1
DA:3,1
DA:10,1
DA:12,1
DA:16,1
DA:18,1
DA:20,1
DA:23,8
DA:24,8
DA:25,8
DA:26,8
DA:27,8
DA:28,5
DA:33,0
DA:41,0
DA:48,0
LF:16
LH:13
BRDA:24,0,0,6
BRDA:24,0,1,2
BRDA:24,1,0,3
BRDA:24,1,1,5
BRDA:27,2,0,5
BRDA:27,2,1,3
BRDA:54,3,0,0
BRDA:54,3,1,0
BRF:8
BRH:6
end_of_record
